<?xml version="1.0" encoding="UTF-8"?>
<!-- Generated by org.testng.reporters.JUnitReportReporter -->
<testsuite skipped="0" hostname="Bmax-TitanXp" name="tests.LoginTest" tests="1" failures="0" timestamp="2020-12-27T16:44:43 IST" time="1.578" errors="0">
  <testcase name="loginTest" time="1.578" classname="tests.LoginTest"/>
  <system-out/>
</testsuite> <!-- tests.LoginTest -->
